#
# There is insufficient memory for the Java Runtime Environment to continue.
# Native memory allocation (malloc) failed to allocate 174064 bytes for Chunk::new
# Possible reasons:
#   The system is out of physical RAM or swap space
#   In 32 bit mode, the process size limit was hit
# Possible solutions:
#   Reduce memory load on the system
#   Increase physical memory or swap space
#   Check if swap backing store is full
#   Use 64 bit Java on a 64 bit OS
#   Decrease Java heap size (-Xmx/-Xms)
#   Decrease number of Java threads
#   Decrease Java thread stack sizes (-Xss)
#   Set larger code cache with -XX:ReservedCodeCacheSize=
# This output file may be truncated or incomplete.
#
#  Out of Memory Error (allocation.cpp:390), pid=6652, tid=0x0000000000002828
#
# JRE version: Java(TM) SE Runtime Environment (8.0_171-b11) (build 1.8.0_171-b11)
# Java VM: Java HotSpot(TM) 64-Bit Server VM (25.171-b11 mixed mode windows-amd64 compressed oops)
# Failed to write core dump. Minidumps are not enabled by default on client versions of Windows
#

---------------  T H R E A D  ---------------

Current thread (0x00000000192ff800):  JavaThread "C2 CompilerThread0" daemon [_thread_in_native, id=10280, stack(0x000000001aa40000,0x000000001ab40000)]

Stack: [0x000000001aa40000,0x000000001ab40000]
[error occurred during error reporting (printing stack bounds), id 0xc0000005]

Native frames: (J=compiled Java code, j=interpreted, Vv=VM code, C=native code)


Current CompileTask:
C2:   1827 1373   !   4       org.apache.maven.model.interpolation.StringSearchModelInterpolator$InterpolateObjectAction::interpolateField (244 bytes)


---------------  P R O C E S S  ---------------

Java Threads: ( => current thread )
  0x000000001ad70800 JavaThread "Service Thread" daemon [_thread_blocked, id=7552, stack(0x000000001b140000,0x000000001b240000)]
  0x0000000019307000 JavaThread "C1 CompilerThread2" daemon [_thread_blocked, id=1704, stack(0x000000001ac40000,0x000000001ad40000)]
  0x0000000019304000 JavaThread "C2 CompilerThread1" daemon [_thread_in_native, id=10088, stack(0x000000001ab40000,0x000000001ac40000)]
=>0x00000000192ff800 JavaThread "C2 CompilerThread0" daemon [_thread_in_native, id=10280, stack(0x000000001aa40000,0x000000001ab40000)]
  0x00000000192fe800 JavaThread "Attach Listener" daemon [_thread_blocked, id=13880, stack(0x000000001a940000,0x000000001aa40000)]
  0x00000000192fd800 JavaThread "Signal Dispatcher" daemon [_thread_blocked, id=1812, stack(0x000000001a840000,0x000000001a940000)]
  0x00000000192ea000 JavaThread "Finalizer" daemon [_thread_blocked, id=9276, stack(0x000000001a550000,0x000000001a650000)]
  0x00000000047c4000 JavaThread "Reference Handler" daemon [_thread_blocked, id=8328, stack(0x000000001a450000,0x000000001a550000)]
  0x00000000046d2800 JavaThread "main" [_thread_in_Java, id=16340, stack(0x00000000045d0000,0x00000000046d0000)]

Other Threads:
  0x00000000192c7800 VMThread [stack: 0x000000001a350000,0x000000001a450000] [id=13728]
  0x0000000019359000 WatcherThread [stack: 0x000000001b240000,0x000000001b340000] [id=11708]

VM state:not at safepoint (normal execution)

VM Mutex/Monitor currently owned by a thread: None

Heap:
 PSYoungGen      total 38400K, used 11234K [0x00000000d5f00000, 0x00000000d8980000, 0x0000000100000000)
  eden space 33280K, 18% used [0x00000000d5f00000,0x00000000d64fbea8,0x00000000d7f80000)
  from space 5120K, 99% used [0x00000000d8480000,0x00000000d897ccd0,0x00000000d8980000)
  to   space 5120K, 0% used [0x00000000d7f80000,0x00000000d7f80000,0x00000000d8480000)
 ParOldGen       total 87552K, used 1579K [0x0000000081c00000, 0x0000000087180000, 0x00000000d5f00000)
  object space 87552K, 1% used [0x0000000081c00000,0x0000000081d8af20,0x0000000087180000)
 Metaspace       used 12792K, capacity 13080K, committed 13184K, reserved 1060864K
  class space    used 1591K, capacity 1651K, committed 1664K, reserved 1048576K

Card table byte_map: [0x0000000013b90000,0x0000000013f90000] byte_map_base: 0x0000000013782000

Marking Bits: (ParMarkBitMap*) 0x00000000528608c0
 Begin Bits: [0x0000000014640000, 0x00000000165d0000)
 End Bits:   [0x00000000165d0000, 0x0000000018560000)

Polling page: 0x0000000002ce0000

CodeCache: size=245760Kb used=5201Kb max_used=5201Kb free=240558Kb
 bounds [0x00000000047d0000, 0x0000000004cf0000, 0x00000000137d0000]
 total_blobs=1795 nmethods=1470 adapters=236
 compilation: enabled

Compilation events (10 events):
Event: 1.606 Thread 0x0000000019307000 nmethod 1420 0x0000000004cc15d0 code [0x0000000004cc1720, 0x0000000004cc1830]
Event: 1.607 Thread 0x0000000019307000 1421       3       java.net.URI$Parser::scan (73 bytes)
Event: 1.608 Thread 0x0000000019307000 nmethod 1421 0x0000000004cc1890 code [0x0000000004cc1a60, 0x0000000004cc21a8]
Event: 1.629 Thread 0x0000000019307000 1422       2       java.util.ArrayList::ensureCapacityInternal (13 bytes)
Event: 1.630 Thread 0x0000000019307000 nmethod 1422 0x0000000004cc2690 code [0x0000000004cc2800, 0x0000000004cc29a8]
Event: 1.630 Thread 0x0000000019307000 1423       2       java.util.ArrayList::ensureExplicitCapacity (26 bytes)
Event: 1.630 Thread 0x0000000019307000 nmethod 1423 0x0000000004cc2a90 code [0x0000000004cc2c00, 0x0000000004cc2d88]
Event: 1.630 Thread 0x0000000019307000 1424       3       com.google.inject.spi.InjectionPoint$InjectableMembers::isEmpty (13 bytes)
Event: 1.630 Thread 0x0000000019307000 nmethod 1424 0x0000000004cc2e50 code [0x0000000004cc2fa0, 0x0000000004cc3150]
Event: 1.630 Thread 0x0000000019307000 1426   !   3       com.google.inject.spi.InjectionPoint::getInjectionPoints (506 bytes)

GC Heap History (4 events):
Event: 0.743 GC heap before
{Heap before GC invocations=1 (full 0):
 PSYoungGen      total 38400K, used 33280K [0x00000000d5f00000, 0x00000000d8980000, 0x0000000100000000)
  eden space 33280K, 100% used [0x00000000d5f00000,0x00000000d7f80000,0x00000000d7f80000)
  from space 5120K, 0% used [0x00000000d8480000,0x00000000d8480000,0x00000000d8980000)
  to   space 5120K, 0% used [0x00000000d7f80000,0x00000000d7f80000,0x00000000d8480000)
 ParOldGen       total 87552K, used 0K [0x0000000081c00000, 0x0000000087180000, 0x00000000d5f00000)
  object space 87552K, 0% used [0x0000000081c00000,0x0000000081c00000,0x0000000087180000)
 Metaspace       used 7783K, capacity 7938K, committed 8064K, reserved 1056768K
  class space    used 982K, capacity 1049K, committed 1152K, reserved 1048576K
Event: 0.748 GC heap after
Heap after GC invocations=1 (full 0):
 PSYoungGen      total 38400K, used 4545K [0x00000000d5f00000, 0x00000000d8980000, 0x0000000100000000)
  eden space 33280K, 0% used [0x00000000d5f00000,0x00000000d5f00000,0x00000000d7f80000)
  from space 5120K, 88% used [0x00000000d7f80000,0x00000000d83f0638,0x00000000d8480000)
  to   space 5120K, 0% used [0x00000000d8480000,0x00000000d8480000,0x00000000d8980000)
 ParOldGen       total 87552K, used 16K [0x0000000081c00000, 0x0000000087180000, 0x00000000d5f00000)
  object space 87552K, 0% used [0x0000000081c00000,0x0000000081c04000,0x0000000087180000)
 Metaspace       used 7783K, capacity 7938K, committed 8064K, reserved 1056768K
  class space    used 982K, capacity 1049K, committed 1152K, reserved 1048576K
}
Event: 1.421 GC heap before
{Heap before GC invocations=2 (full 0):
 PSYoungGen      total 38400K, used 37825K [0x00000000d5f00000, 0x00000000d8980000, 0x0000000100000000)
  eden space 33280K, 100% used [0x00000000d5f00000,0x00000000d7f80000,0x00000000d7f80000)
  from space 5120K, 88% used [0x00000000d7f80000,0x00000000d83f0638,0x00000000d8480000)
  to   space 5120K, 0% used [0x00000000d8480000,0x00000000d8480000,0x00000000d8980000)
 ParOldGen       total 87552K, used 16K [0x0000000081c00000, 0x0000000087180000, 0x00000000d5f00000)
  object space 87552K, 0% used [0x0000000081c00000,0x0000000081c04000,0x0000000087180000)
 Metaspace       used 12293K, capacity 12480K, committed 12672K, reserved 1060864K
  class space    used 1516K, capacity 1579K, committed 1664K, reserved 1048576K
Event: 1.433 GC heap after
Heap after GC invocations=2 (full 0):
 PSYoungGen      total 38400K, used 5107K [0x00000000d5f00000, 0x00000000d8980000, 0x0000000100000000)
  eden space 33280K, 0% used [0x00000000d5f00000,0x00000000d5f00000,0x00000000d7f80000)
  from space 5120K, 99% used [0x00000000d8480000,0x00000000d897ccd0,0x00000000d8980000)
  to   space 5120K, 0% used [0x00000000d7f80000,0x00000000d7f80000,0x00000000d8480000)
 ParOldGen       total 87552K, used 1579K [0x0000000081c00000, 0x0000000087180000, 0x00000000d5f00000)
  object space 87552K, 1% used [0x0000000081c00000,0x0000000081d8af20,0x0000000087180000)
 Metaspace       used 12293K, capacity 12480K, committed 12672K, reserved 1060864K
  class space    used 1516K, capacity 1579K, committed 1664K, reserved 1048576K
}

Deoptimization events (10 events):
Event: 1.147 Thread 0x00000000046d2800 Uncommon trap: reason=class_check action=maybe_recompile pc=0x0000000004a43f90 method=java.nio.charset.CharsetDecoder.decode(Ljava/nio/ByteBuffer;Ljava/nio/CharBuffer;Z)Ljava/nio/charset/CoderResult; @ 57
Event: 1.177 Thread 0x00000000046d2800 Uncommon trap: reason=class_check action=maybe_recompile pc=0x0000000004a43f90 method=java.nio.charset.CharsetDecoder.decode(Ljava/nio/ByteBuffer;Ljava/nio/CharBuffer;Z)Ljava/nio/charset/CoderResult; @ 57
Event: 1.177 Thread 0x00000000046d2800 Uncommon trap: reason=class_check action=maybe_recompile pc=0x0000000004a43f90 method=java.nio.charset.CharsetDecoder.decode(Ljava/nio/ByteBuffer;Ljava/nio/CharBuffer;Z)Ljava/nio/charset/CoderResult; @ 57
Event: 1.177 Thread 0x00000000046d2800 Uncommon trap: reason=class_check action=maybe_recompile pc=0x0000000004a43f90 method=java.nio.charset.CharsetDecoder.decode(Ljava/nio/ByteBuffer;Ljava/nio/CharBuffer;Z)Ljava/nio/charset/CoderResult; @ 57
Event: 1.260 Thread 0x00000000046d2800 Uncommon trap: reason=unstable_if action=reinterpret pc=0x00000000049751a4 method=java.lang.String.replace(CC)Ljava/lang/String; @ 2
Event: 1.359 Thread 0x00000000046d2800 Uncommon trap: reason=unstable_if action=reinterpret pc=0x0000000004aad584 method=sun.nio.cs.UTF_8$Decoder.decode([BII[C)I @ 30
Event: 1.360 Thread 0x00000000046d2800 Uncommon trap: reason=unstable_if action=reinterpret pc=0x0000000004a3fad4 method=sun.nio.cs.UTF_8$Decoder.decodeArrayLoop(Ljava/nio/ByteBuffer;Ljava/nio/CharBuffer;)Ljava/nio/charset/CoderResult; @ 84
Event: 1.385 Thread 0x00000000046d2800 Uncommon trap: reason=unstable_if action=reinterpret pc=0x0000000004c4af94 method=org.codehaus.plexus.util.xml.pull.MXParser.nextImpl()I @ 1149
Event: 1.394 Thread 0x00000000046d2800 Uncommon trap: reason=unstable_if action=reinterpret pc=0x0000000004b7d5fc method=java.util.HashMap.hash(Ljava/lang/Object;)I @ 1
Event: 1.394 Thread 0x00000000046d2800 Uncommon trap: reason=unstable_if action=reinterpret pc=0x0000000004abf1e8 method=java.util.HashMap.hash(Ljava/lang/Object;)I @ 1

Classes redefined (0 events):
No events

Internal exceptions (10 events):
Event: 0.434 Thread 0x00000000046d2800 Exception <a 'java/lang/ArrayIndexOutOfBoundsException'> (0x00000000d6b0c6b0) thrown at [C:\re\workspace\8-2-build-windows-amd64-cygwin\jdk8u171\10807\hotspot\src\share\vm\runtime\sharedRuntime.cpp, line 605]
Event: 0.442 Thread 0x00000000046d2800 Exception <a 'java/lang/ArrayIndexOutOfBoundsException'> (0x00000000d6b66440) thrown at [C:\re\workspace\8-2-build-windows-amd64-cygwin\jdk8u171\10807\hotspot\src\share\vm\runtime\sharedRuntime.cpp, line 605]
Event: 0.636 Thread 0x00000000046d2800 Exception <a 'java/lang/ArrayIndexOutOfBoundsException'> (0x00000000d7a52858) thrown at [C:\re\workspace\8-2-build-windows-amd64-cygwin\jdk8u171\10807\hotspot\src\share\vm\runtime\sharedRuntime.cpp, line 605]
Event: 0.636 Thread 0x00000000046d2800 Exception <a 'java/lang/ArrayIndexOutOfBoundsException'> (0x00000000d7a54ba0) thrown at [C:\re\workspace\8-2-build-windows-amd64-cygwin\jdk8u171\10807\hotspot\src\share\vm\runtime\sharedRuntime.cpp, line 605]
Event: 0.741 Thread 0x00000000046d2800 Exception <a 'java/lang/NoClassDefFoundError': org/slf4j/Logger> (0x00000000d7f509e8) thrown at [C:\re\workspace\8-2-build-windows-amd64-cygwin\jdk8u171\10807\hotspot\src\share\vm\classfile\systemDictionary.cpp, line 199]
Event: 0.802 Thread 0x00000000046d2800 Exception <a 'java/lang/NoClassDefFoundError': org/slf4j/LoggerFactory> (0x00000000d6180c00) thrown at [C:\re\workspace\8-2-build-windows-amd64-cygwin\jdk8u171\10807\hotspot\src\share\vm\classfile\systemDictionary.cpp, line 199]
Event: 0.802 Thread 0x00000000046d2800 Exception <a 'java/lang/NoClassDefFoundError'> (0x00000000d6180c00) thrown at [C:\re\workspace\8-2-build-windows-amd64-cygwin\jdk8u171\10807\hotspot\src\share\vm\oops\instanceKlass.cpp, line 959]
Event: 1.119 Thread 0x00000000046d2800 Implicit null exception at 0x00000000049b31db to 0x00000000049b3385
Event: 1.393 Thread 0x00000000046d2800 Implicit null exception at 0x0000000004b7d415 to 0x0000000004b7d5ed
Event: 1.394 Thread 0x00000000046d2800 Implicit null exception at 0x0000000004abf16f to 0x0000000004abf1d9

Events (10 events):
Event: 1.617 loading class org/apache/maven/plugin/Mojo
Event: 1.617 loading class org/apache/maven/plugin/Mojo done
Event: 1.617 loading class org/apache/maven/plugin/clean/CleanMojo
Event: 1.617 loading class org/apache/maven/plugin/clean/CleanMojo done
Event: 1.617 loading class org/apache/maven/plugin/clean/CleanMojo
Event: 1.617 loading class org/apache/maven/plugin/clean/CleanMojo done
Event: 1.618 loading class org/apache/maven/plugin/clean/CleanMojo
Event: 1.618 loading class org/apache/maven/plugin/clean/CleanMojo done
Event: 1.618 loading class org/apache/maven/plugin/clean/CleanMojo
Event: 1.618 loading class org/apache/maven/plugin/clean/CleanMojo done


Dynamic libraries:
0x00007ff77b160000 - 0x00007ff77b197000 	C:\Program Files\Java\jdk1.8.0_171\bin\java.exe
0x00007ff807500000 - 0x00007ff8076e0000 	C:\WINDOWS\SYSTEM32\ntdll.dll
0x00007ff804c00000 - 0x00007ff804cae000 	C:\WINDOWS\System32\KERNEL32.DLL
0x00007ff8041c0000 - 0x00007ff804426000 	C:\WINDOWS\System32\KERNELBASE.dll
0x00007ff804a30000 - 0x00007ff804ad1000 	C:\WINDOWS\System32\ADVAPI32.dll
0x00007ff804b50000 - 0x00007ff804bed000 	C:\WINDOWS\System32\msvcrt.dll
0x00007ff8049d0000 - 0x00007ff804a2b000 	C:\WINDOWS\System32\sechost.dll
0x00007ff8062c0000 - 0x00007ff8063df000 	C:\WINDOWS\System32\RPCRT4.dll
0x00007ff806c20000 - 0x00007ff806daf000 	C:\WINDOWS\System32\USER32.dll
0x00007ff8041a0000 - 0x00007ff8041c0000 	C:\WINDOWS\System32\win32u.dll
0x00007ff806e50000 - 0x00007ff806e78000 	C:\WINDOWS\System32\GDI32.dll
0x00007ff804600000 - 0x00007ff804793000 	C:\WINDOWS\System32\gdi32full.dll
0x00007ff8048b0000 - 0x00007ff80494b000 	C:\WINDOWS\System32\msvcp_win.dll
0x00007ff803950000 - 0x00007ff803a46000 	C:\WINDOWS\System32\ucrtbase.dll
0x00007fffecaa0000 - 0x00007fffecd09000 	C:\WINDOWS\WinSxS\amd64_microsoft.windows.common-controls_6595b64144ccf1df_6.0.16299.431_none_15c7d3ee93659e73\COMCTL32.dll
0x00007ff807100000 - 0x00007ff807408000 	C:\WINDOWS\System32\combase.dll
0x00007ff804950000 - 0x00007ff8049c2000 	C:\WINDOWS\System32\bcryptPrimitives.dll
0x00007ff806290000 - 0x00007ff8062bd000 	C:\WINDOWS\System32\IMM32.DLL
0x0000000051f60000 - 0x0000000052032000 	C:\Program Files\Java\jdk1.8.0_171\jre\bin\msvcr100.dll
0x0000000052040000 - 0x00000000528e0000 	C:\Program Files\Java\jdk1.8.0_171\jre\bin\server\jvm.dll
0x00007ff804bf0000 - 0x00007ff804bf8000 	C:\WINDOWS\System32\PSAPI.DLL
0x00007ffff7ea0000 - 0x00007ffff7eaa000 	C:\WINDOWS\SYSTEM32\VERSION.dll
0x00007ff800510000 - 0x00007ff800533000 	C:\WINDOWS\SYSTEM32\WINMM.dll
0x00007ff8024f0000 - 0x00007ff8024f9000 	C:\WINDOWS\SYSTEM32\WSOCK32.dll
0x00007ff804ae0000 - 0x00007ff804b4c000 	C:\WINDOWS\System32\WS2_32.dll
0x00007ff8004b0000 - 0x00007ff8004da000 	C:\WINDOWS\SYSTEM32\winmmbase.dll
0x00007ff803900000 - 0x00007ff80394a000 	C:\WINDOWS\System32\cfgmgr32.dll
0x0000000051f10000 - 0x0000000051f1f000 	C:\Program Files\Java\jdk1.8.0_171\jre\bin\verify.dll
0x0000000051ee0000 - 0x0000000051f09000 	C:\Program Files\Java\jdk1.8.0_171\jre\bin\java.dll
0x0000000051ec0000 - 0x0000000051ed6000 	C:\Program Files\Java\jdk1.8.0_171\jre\bin\zip.dll
0x00007ff804e50000 - 0x00007ff806288000 	C:\WINDOWS\System32\SHELL32.dll
0x00007ff807410000 - 0x00007ff8074b6000 	C:\WINDOWS\System32\shcore.dll
0x00007ff803a50000 - 0x00007ff804197000 	C:\WINDOWS\System32\windows.storage.dll
0x00007ff806960000 - 0x00007ff8069b1000 	C:\WINDOWS\System32\shlwapi.dll
0x00007ff8038a0000 - 0x00007ff8038b1000 	C:\WINDOWS\System32\kernel.appcore.dll
0x00007ff803850000 - 0x00007ff80389c000 	C:\WINDOWS\System32\powrprof.dll
0x00007ff8038e0000 - 0x00007ff8038fb000 	C:\WINDOWS\System32\profapi.dll
0x0000000051ea0000 - 0x0000000051eba000 	C:\Program Files\Java\jdk1.8.0_171\jre\bin\net.dll
0x00007ff803080000 - 0x00007ff8030e6000 	C:\WINDOWS\system32\mswsock.dll
0x0000000051e80000 - 0x0000000051e91000 	C:\Program Files\Java\jdk1.8.0_171\jre\bin\nio.dll

VM Arguments:
jvm_args: -Dclassworlds.conf=F:\SW INSTALADOS\NetBeans 8.1\java\maven\bin\m2.conf -Dmaven.home=F:\SW INSTALADOS\NetBeans 8.1\java\maven 
java_command: org.codehaus.plexus.classworlds.launcher.Launcher -Dmaven.ext.class.path=F:\SW INSTALADOS\NetBeans 8.1\java\maven-nblib\netbeans-eventspy.jar clean install
java_class_path (initial): F:\SW INSTALADOS\NetBeans 8.1\java\maven\boot\plexus-classworlds-2.4.jar
Launcher Type: SUN_STANDARD

Environment Variables:
JAVA_HOME=C:\Program Files\Java\jdk1.8.0_171
PATH=C:\Program Files (x86)\Intel\iCLS Client\;C:\Program Files (x86)\Common Files\Oracle\Java\javapath;C:\ProgramData\Oracle\Java\javapath;C:\Program Files\Intel\iCLS Client\;C:\WINDOWS\system32;C:\WINDOWS;C:\WINDOWS\System32\Wbem;C:\WINDOWS\System32\WindowsPowerShell\v1.0\;C:\Users\js_cm\Desktop\sqldeveloper\jdk\jre\bin;C:\Program Files\Microsoft SQL Server\110\Tools\Binn\;C:\Program Files (x86)\Skype\Phone\;C:\Program Files\Intel\WiFi\bin\;C:\Program Files\Common Files\Intel\WirelessCommon\;C:\Program Files\dotnet\;C:\Program Files\Microsoft SQL Server\130\Tools\Binn\;C:\Program Files\Microsoft SQL Server\Client SDK\ODBC\130\Tools\Binn\;C:\Program Files (x86)\Microsoft SQL Server\140\Tools\Binn\;C:\Program Files\Microsoft SQL Server\140\Tools\Binn\;C:\Program Files\Microsoft SQL Server\140\DTS\Binn\;C:\Program Files (x86)\Microsoft SQL Server\Client SDK\ODBC\130\Tools\Binn\;C:\Program Files (x86)\Microsoft SQL Server\140\DTS\Binn\;C:\Program Files (x86)\Microsoft SQL Server\140\Tools\Binn\ManagementStudio\;F:\SW INSTALADOS\Git\cmd;F:\SW INSTALADOS\IBM\SPSS\Statistics\25\JRE\bin;F:\SW INSTALADOS\nodejs\;C:\Program Files (x86)\Intel\Intel(R) Management Engine Components\DAL;C:\Program Files\Intel\Intel(R) Management Engine Components\DAL;C:\Program Files (x86)\Intel\Intel(R) Management Engine Components\IPT;C:\Program Files\Intel\Intel(R) Management Engine Components\IPT;C:\Users\js_cm\AppData\Local\Microsoft\WindowsApps;C:\Users\js_cm\AppData\Roaming\npm;F:\SW INSTALADOS\Microsoft VS Code\bin
USERNAME=js_cm
OS=Windows_NT
PROCESSOR_IDENTIFIER=Intel64 Family 6 Model 78 Stepping 3, GenuineIntel



---------------  S Y S T E M  ---------------

OS: Windows 10.0 , 64 bit Build 16299 (10.0.16299.431)

CPU:total 4 (initial active 4) (2 cores per cpu, 2 threads per core) family 6 model 78 stepping 3, cmov, cx8, fxsr, mmx, sse, sse2, sse3, ssse3, sse4.1, sse4.2, popcnt, avx, avx2, aes, clmul, erms, 3dnowpref, lzcnt, ht, tsc, tscinvbit, bmi1, bmi2, adx

Memory: 4k page, physical 8269992k(1361084k free), swap 11278180k(145724k free)

vm_info: Java HotSpot(TM) 64-Bit Server VM (25.171-b11) for windows-amd64 JRE (1.8.0_171-b11), built on Mar 28 2018 16:06:12 by "java_re" with MS VC++ 10.0 (VS2010)

time: Sun Jul 08 16:22:34 2018
elapsed time: 1 seconds (0d 0h 0m 1s)

